{
  "seleniumLog": [
    {
      "commandName": "launchApp",
      "args": [
        "[home]"
      ],
      "result": "success",
      "subLogs": [
        {
          "commandName": "get",
          "args": [
            "{url=https://qa.singlecare.com}"
          ],
          "result": "null",
          "subLogs": [],
          "duration": 9376
        },
        {
          "commandName": "maximizeWindow",
          "args": [
            "{windowHandle=current}"
          ],
          "result": "null",
          "subLogs": [],
          "duration": 1167
        },
        {
          "commandName": "getTitle",
          "args": [
            "{}"
          ],
          "result": "SingleCare: Affordable Health Care & Pharmacy Discount Card",
          "subLogs": [],
          "duration": 31
        }
      ],
      "duration": -1
    },
    {
      "commandName": "userclickonSigninLnk",
      "args": [
        "[signin]"
      ],
      "result": "success",
      "subLogs": [
        {
          "commandName": "findElements",
          "args": [
            "{value=//a[@href='/login/'], using=xpath}"
          ],
          "result": "[id: 0.6830497130391269-1]",
          "subLogs": [],
          "duration": 41
        },
        {
          "commandName": "findElement",
          "args": [
            "{value=//a[@href='/login/'], using=xpath}"
          ],
          "result": "id: 0.6830497130391269-1",
          "subLogs": [],
          "duration": 22
        },
        {
          "commandName": "isElementDisplayed",
          "args": [
            "By.xpath: //a[@href='/login/']",
            "{\"id\":\"0.6830497130391269-1\"}"
          ],
          "result": "isElementDisplayed:true",
          "subLogs": [],
          "duration": 29
        },
        {
          "commandName": "findElement",
          "args": [
            "{value=//a[@href='/login/'], using=xpath}"
          ],
          "result": "id: 0.6830497130391269-1",
          "subLogs": [],
          "duration": 8
        },
        {
          "commandName": "clickElement",
          "args": [
            "By.xpath: //a[@href='/login/']",
            "{\"id\":\"0.6830497130391269-1\"}"
          ],
          "result": "clickElement:null",
          "subLogs": [],
          "duration": 2480
        }
      ],
      "duration": -1
    },
    {
      "commandName": "verifyPage",
      "args": [
        "[login]"
      ],
      "result": "success",
      "subLogs": [
        {
          "commandName": "getTitle",
          "args": [
            "{}"
          ],
          "result": "Login",
          "subLogs": [],
          "duration": 62
        }
      ],
      "duration": -1
    },
    {
      "commandName": "userclickonSigninLnk",
      "args": [
        "[signup]"
      ],
      "result": "success",
      "subLogs": [],
      "duration": -1
    },
    {
      "commandName": "userVerifySignupPage",
      "args": [
        "[]"
      ],
      "result": "fail",
      "subLogs": [
        {
          "commandName": "findElement",
          "args": [
            "{value=.step1-overview>h2, using=css selector}"
          ],
          "result": "no such element: Unable to locate element: {\"method\":\"css selector\",\"selector\":\".step1-overview>h2\"}\n  (Session info: chrome=59.0.3071.115)\n  (Driver info: chromedriver=2.28.455520 (cc17746adff54984afff480136733114c6b3704b),platform=Windows NT 6.2.9200 x86_64) (WARNING: The server did not provide any stacktrace information)\nCommand duration or timeout: 50 milliseconds\nFor documentation on this error, please visit: http://seleniumhq.org/exceptions/no_such_element.html\nBuild info: version: '2.53.0', revision: '35ae25b1534ae328c771e0856c93e187490ca824', time: '2016-03-15 10:43:46'\nSystem info: host: 'ICPL11465', ip: '10.11.31.46', os.name: 'Windows 8', os.arch: 'amd64', os.version: '6.2', java.version: '1.8.0_121'\nDriver info: com.qmetry.qaf.automation.ui.webdriver.QAFExtendedWebDriver\nCapabilities [{applicationCacheEnabled=false, rotatable=false, mobileEmulationEnabled=false, networkConnectionEnabled=false, chrome={chromedriverVersion=2.28.455520 (cc17746adff54984afff480136733114c6b3704b), userDataDir=C:\\Users\\SATISH~1.GAR\\AppData\\Local\\Temp\\scoped_dir2324_8020}, takesHeapSnapshot=true, pageLoadStrategy=normal, databaseEnabled=false, handlesAlerts=true, hasTouchScreen=false, version=59.0.3071.115, platform=WIN8, browserConnectionEnabled=false, nativeEvents=true, acceptSslCerts=true, locationContextEnabled=true, webStorageEnabled=true, browserName=chrome, takesScreenshot=true, javascriptEnabled=true, cssSelectorsEnabled=true, unexpectedAlertBehaviour=}]\nSession ID: d3388aac672ef7e5648fbbaf8403734c\n*** Element info: {Using=css selector, value=.step1-overview>h2}",
          "subLogs": [],
          "duration": 52
        },
        {
          "commandName": "findElement",
          "args": [
            "{value=.step1-overview>h2, using=css selector}"
          ],
          "result": "no such element: Unable to locate element: {\"method\":\"css selector\",\"selector\":\".step1-overview>h2\"}\n  (Session info: chrome=59.0.3071.115)\n  (Driver info: chromedriver=2.28.455520 (cc17746adff54984afff480136733114c6b3704b),platform=Windows NT 6.2.9200 x86_64) (WARNING: The server did not provide any stacktrace information)\nCommand duration or timeout: 18 milliseconds\nFor documentation on this error, please visit: http://seleniumhq.org/exceptions/no_such_element.html\nBuild info: version: '2.53.0', revision: '35ae25b1534ae328c771e0856c93e187490ca824', time: '2016-03-15 10:43:46'\nSystem info: host: 'ICPL11465', ip: '10.11.31.46', os.name: 'Windows 8', os.arch: 'amd64', os.version: '6.2', java.version: '1.8.0_121'\nDriver info: com.qmetry.qaf.automation.ui.webdriver.QAFExtendedWebDriver\nCapabilities [{applicationCacheEnabled=false, rotatable=false, mobileEmulationEnabled=false, networkConnectionEnabled=false, chrome={chromedriverVersion=2.28.455520 (cc17746adff54984afff480136733114c6b3704b), userDataDir=C:\\Users\\SATISH~1.GAR\\AppData\\Local\\Temp\\scoped_dir2324_8020}, takesHeapSnapshot=true, pageLoadStrategy=normal, databaseEnabled=false, handlesAlerts=true, hasTouchScreen=false, version=59.0.3071.115, platform=WIN8, browserConnectionEnabled=false, nativeEvents=true, acceptSslCerts=true, locationContextEnabled=true, webStorageEnabled=true, browserName=chrome, takesScreenshot=true, javascriptEnabled=true, cssSelectorsEnabled=true, unexpectedAlertBehaviour=}]\nSession ID: d3388aac672ef7e5648fbbaf8403734c\n*** Element info: {Using=css selector, value=.step1-overview>h2}",
          "subLogs": [],
          "duration": 18
        },
        {
          "commandName": "findElement",
          "args": [
            "{value=.step1-overview>h2, using=css selector}"
          ],
          "result": "no such element: Unable to locate element: {\"method\":\"css selector\",\"selector\":\".step1-overview>h2\"}\n  (Session info: chrome=59.0.3071.115)\n  (Driver info: chromedriver=2.28.455520 (cc17746adff54984afff480136733114c6b3704b),platform=Windows NT 6.2.9200 x86_64) (WARNING: The server did not provide any stacktrace information)\nCommand duration or timeout: 16 milliseconds\nFor documentation on this error, please visit: http://seleniumhq.org/exceptions/no_such_element.html\nBuild info: version: '2.53.0', revision: '35ae25b1534ae328c771e0856c93e187490ca824', time: '2016-03-15 10:43:46'\nSystem info: host: 'ICPL11465', ip: '10.11.31.46', os.name: 'Windows 8', os.arch: 'amd64', os.version: '6.2', java.version: '1.8.0_121'\nDriver info: com.qmetry.qaf.automation.ui.webdriver.QAFExtendedWebDriver\nCapabilities [{applicationCacheEnabled=false, rotatable=false, mobileEmulationEnabled=false, networkConnectionEnabled=false, chrome={chromedriverVersion=2.28.455520 (cc17746adff54984afff480136733114c6b3704b), userDataDir=C:\\Users\\SATISH~1.GAR\\AppData\\Local\\Temp\\scoped_dir2324_8020}, takesHeapSnapshot=true, pageLoadStrategy=normal, databaseEnabled=false, handlesAlerts=true, hasTouchScreen=false, version=59.0.3071.115, platform=WIN8, browserConnectionEnabled=false, nativeEvents=true, acceptSslCerts=true, locationContextEnabled=true, webStorageEnabled=true, browserName=chrome, takesScreenshot=true, javascriptEnabled=true, cssSelectorsEnabled=true, unexpectedAlertBehaviour=}]\nSession ID: d3388aac672ef7e5648fbbaf8403734c\n*** Element info: {Using=css selector, value=.step1-overview>h2}",
          "subLogs": [],
          "duration": 17
        },
        {
          "commandName": "findElement",
          "args": [
            "{value=.step1-overview>h2, using=css selector}"
          ],
          "result": "no such element: Unable to locate element: {\"method\":\"css selector\",\"selector\":\".step1-overview>h2\"}\n  (Session info: chrome=59.0.3071.115)\n  (Driver info: chromedriver=2.28.455520 (cc17746adff54984afff480136733114c6b3704b),platform=Windows NT 6.2.9200 x86_64) (WARNING: The server did not provide any stacktrace information)\nCommand duration or timeout: 16 milliseconds\nFor documentation on this error, please visit: http://seleniumhq.org/exceptions/no_such_element.html\nBuild info: version: '2.53.0', revision: '35ae25b1534ae328c771e0856c93e187490ca824', time: '2016-03-15 10:43:46'\nSystem info: host: 'ICPL11465', ip: '10.11.31.46', os.name: 'Windows 8', os.arch: 'amd64', os.version: '6.2', java.version: '1.8.0_121'\nDriver info: com.qmetry.qaf.automation.ui.webdriver.QAFExtendedWebDriver\nCapabilities [{applicationCacheEnabled=false, rotatable=false, mobileEmulationEnabled=false, networkConnectionEnabled=false, chrome={chromedriverVersion=2.28.455520 (cc17746adff54984afff480136733114c6b3704b), userDataDir=C:\\Users\\SATISH~1.GAR\\AppData\\Local\\Temp\\scoped_dir2324_8020}, takesHeapSnapshot=true, pageLoadStrategy=normal, databaseEnabled=false, handlesAlerts=true, hasTouchScreen=false, version=59.0.3071.115, platform=WIN8, browserConnectionEnabled=false, nativeEvents=true, acceptSslCerts=true, locationContextEnabled=true, webStorageEnabled=true, browserName=chrome, takesScreenshot=true, javascriptEnabled=true, cssSelectorsEnabled=true, unexpectedAlertBehaviour=}]\nSession ID: d3388aac672ef7e5648fbbaf8403734c\n*** Element info: {Using=css selector, value=.step1-overview>h2}",
          "subLogs": [],
          "duration": 16
        },
        {
          "commandName": "findElement",
          "args": [
            "{value=.step1-overview>h2, using=css selector}"
          ],
          "result": "no such element: Unable to locate element: {\"method\":\"css selector\",\"selector\":\".step1-overview>h2\"}\n  (Session info: chrome=59.0.3071.115)\n  (Driver info: chromedriver=2.28.455520 (cc17746adff54984afff480136733114c6b3704b),platform=Windows NT 6.2.9200 x86_64) (WARNING: The server did not provide any stacktrace information)\nCommand duration or timeout: 17 milliseconds\nFor documentation on this error, please visit: http://seleniumhq.org/exceptions/no_such_element.html\nBuild info: version: '2.53.0', revision: '35ae25b1534ae328c771e0856c93e187490ca824', time: '2016-03-15 10:43:46'\nSystem info: host: 'ICPL11465', ip: '10.11.31.46', os.name: 'Windows 8', os.arch: 'amd64', os.version: '6.2', java.version: '1.8.0_121'\nDriver info: com.qmetry.qaf.automation.ui.webdriver.QAFExtendedWebDriver\nCapabilities [{applicationCacheEnabled=false, rotatable=false, mobileEmulationEnabled=false, networkConnectionEnabled=false, chrome={chromedriverVersion=2.28.455520 (cc17746adff54984afff480136733114c6b3704b), userDataDir=C:\\Users\\SATISH~1.GAR\\AppData\\Local\\Temp\\scoped_dir2324_8020}, takesHeapSnapshot=true, pageLoadStrategy=normal, databaseEnabled=false, handlesAlerts=true, hasTouchScreen=false, version=59.0.3071.115, platform=WIN8, browserConnectionEnabled=false, nativeEvents=true, acceptSslCerts=true, locationContextEnabled=true, webStorageEnabled=true, browserName=chrome, takesScreenshot=true, javascriptEnabled=true, cssSelectorsEnabled=true, unexpectedAlertBehaviour=}]\nSession ID: d3388aac672ef7e5648fbbaf8403734c\n*** Element info: {Using=css selector, value=.step1-overview>h2}",
          "subLogs": [],
          "duration": 17
        },
        {
          "commandName": "findElement",
          "args": [
            "{value=.step1-overview>h2, using=css selector}"
          ],
          "result": "no such element: Unable to locate element: {\"method\":\"css selector\",\"selector\":\".step1-overview>h2\"}\n  (Session info: chrome=59.0.3071.115)\n  (Driver info: chromedriver=2.28.455520 (cc17746adff54984afff480136733114c6b3704b),platform=Windows NT 6.2.9200 x86_64) (WARNING: The server did not provide any stacktrace information)\nCommand duration or timeout: 16 milliseconds\nFor documentation on this error, please visit: http://seleniumhq.org/exceptions/no_such_element.html\nBuild info: version: '2.53.0', revision: '35ae25b1534ae328c771e0856c93e187490ca824', time: '2016-03-15 10:43:46'\nSystem info: host: 'ICPL11465', ip: '10.11.31.46', os.name: 'Windows 8', os.arch: 'amd64', os.version: '6.2', java.version: '1.8.0_121'\nDriver info: com.qmetry.qaf.automation.ui.webdriver.QAFExtendedWebDriver\nCapabilities [{applicationCacheEnabled=false, rotatable=false, mobileEmulationEnabled=false, networkConnectionEnabled=false, chrome={chromedriverVersion=2.28.455520 (cc17746adff54984afff480136733114c6b3704b), userDataDir=C:\\Users\\SATISH~1.GAR\\AppData\\Local\\Temp\\scoped_dir2324_8020}, takesHeapSnapshot=true, pageLoadStrategy=normal, databaseEnabled=false, handlesAlerts=true, hasTouchScreen=false, version=59.0.3071.115, platform=WIN8, browserConnectionEnabled=false, nativeEvents=true, acceptSslCerts=true, locationContextEnabled=true, webStorageEnabled=true, browserName=chrome, takesScreenshot=true, javascriptEnabled=true, cssSelectorsEnabled=true, unexpectedAlertBehaviour=}]\nSession ID: d3388aac672ef7e5648fbbaf8403734c\n*** Element info: {Using=css selector, value=.step1-overview>h2}",
          "subLogs": [],
          "duration": 16
        },
        {
          "commandName": "findElement",
          "args": [
            "{value=.step1-overview>h2, using=css selector}"
          ],
          "result": "no such element: Unable to locate element: {\"method\":\"css selector\",\"selector\":\".step1-overview>h2\"}\n  (Session info: chrome=59.0.3071.115)\n  (Driver info: chromedriver=2.28.455520 (cc17746adff54984afff480136733114c6b3704b),platform=Windows NT 6.2.9200 x86_64) (WARNING: The server did not provide any stacktrace information)\nCommand duration or timeout: 16 milliseconds\nFor documentation on this error, please visit: http://seleniumhq.org/exceptions/no_such_element.html\nBuild info: version: '2.53.0', revision: '35ae25b1534ae328c771e0856c93e187490ca824', time: '2016-03-15 10:43:46'\nSystem info: host: 'ICPL11465', ip: '10.11.31.46', os.name: 'Windows 8', os.arch: 'amd64', os.version: '6.2', java.version: '1.8.0_121'\nDriver info: com.qmetry.qaf.automation.ui.webdriver.QAFExtendedWebDriver\nCapabilities [{applicationCacheEnabled=false, rotatable=false, mobileEmulationEnabled=false, networkConnectionEnabled=false, chrome={chromedriverVersion=2.28.455520 (cc17746adff54984afff480136733114c6b3704b), userDataDir=C:\\Users\\SATISH~1.GAR\\AppData\\Local\\Temp\\scoped_dir2324_8020}, takesHeapSnapshot=true, pageLoadStrategy=normal, databaseEnabled=false, handlesAlerts=true, hasTouchScreen=false, version=59.0.3071.115, platform=WIN8, browserConnectionEnabled=false, nativeEvents=true, acceptSslCerts=true, locationContextEnabled=true, webStorageEnabled=true, browserName=chrome, takesScreenshot=true, javascriptEnabled=true, cssSelectorsEnabled=true, unexpectedAlertBehaviour=}]\nSession ID: d3388aac672ef7e5648fbbaf8403734c\n*** Element info: {Using=css selector, value=.step1-overview>h2}",
          "subLogs": [],
          "duration": 16
        },
        {
          "commandName": "findElement",
          "args": [
            "{value=.step1-overview>h2, using=css selector}"
          ],
          "result": "no such element: Unable to locate element: {\"method\":\"css selector\",\"selector\":\".step1-overview>h2\"}\n  (Session info: chrome=59.0.3071.115)\n  (Driver info: chromedriver=2.28.455520 (cc17746adff54984afff480136733114c6b3704b),platform=Windows NT 6.2.9200 x86_64) (WARNING: The server did not provide any stacktrace information)\nCommand duration or timeout: 17 milliseconds\nFor documentation on this error, please visit: http://seleniumhq.org/exceptions/no_such_element.html\nBuild info: version: '2.53.0', revision: '35ae25b1534ae328c771e0856c93e187490ca824', time: '2016-03-15 10:43:46'\nSystem info: host: 'ICPL11465', ip: '10.11.31.46', os.name: 'Windows 8', os.arch: 'amd64', os.version: '6.2', java.version: '1.8.0_121'\nDriver info: com.qmetry.qaf.automation.ui.webdriver.QAFExtendedWebDriver\nCapabilities [{applicationCacheEnabled=false, rotatable=false, mobileEmulationEnabled=false, networkConnectionEnabled=false, chrome={chromedriverVersion=2.28.455520 (cc17746adff54984afff480136733114c6b3704b), userDataDir=C:\\Users\\SATISH~1.GAR\\AppData\\Local\\Temp\\scoped_dir2324_8020}, takesHeapSnapshot=true, pageLoadStrategy=normal, databaseEnabled=false, handlesAlerts=true, hasTouchScreen=false, version=59.0.3071.115, platform=WIN8, browserConnectionEnabled=false, nativeEvents=true, acceptSslCerts=true, locationContextEnabled=true, webStorageEnabled=true, browserName=chrome, takesScreenshot=true, javascriptEnabled=true, cssSelectorsEnabled=true, unexpectedAlertBehaviour=}]\nSession ID: d3388aac672ef7e5648fbbaf8403734c\n*** Element info: {Using=css selector, value=.step1-overview>h2}",
          "subLogs": [],
          "duration": 17
        },
        {
          "commandName": "findElement",
          "args": [
            "{value=.step1-overview>h2, using=css selector}"
          ],
          "result": "no such element: Unable to locate element: {\"method\":\"css selector\",\"selector\":\".step1-overview>h2\"}\n  (Session info: chrome=59.0.3071.115)\n  (Driver info: chromedriver=2.28.455520 (cc17746adff54984afff480136733114c6b3704b),platform=Windows NT 6.2.9200 x86_64) (WARNING: The server did not provide any stacktrace information)\nCommand duration or timeout: 15 milliseconds\nFor documentation on this error, please visit: http://seleniumhq.org/exceptions/no_such_element.html\nBuild info: version: '2.53.0', revision: '35ae25b1534ae328c771e0856c93e187490ca824', time: '2016-03-15 10:43:46'\nSystem info: host: 'ICPL11465', ip: '10.11.31.46', os.name: 'Windows 8', os.arch: 'amd64', os.version: '6.2', java.version: '1.8.0_121'\nDriver info: com.qmetry.qaf.automation.ui.webdriver.QAFExtendedWebDriver\nCapabilities [{applicationCacheEnabled=false, rotatable=false, mobileEmulationEnabled=false, networkConnectionEnabled=false, chrome={chromedriverVersion=2.28.455520 (cc17746adff54984afff480136733114c6b3704b), userDataDir=C:\\Users\\SATISH~1.GAR\\AppData\\Local\\Temp\\scoped_dir2324_8020}, takesHeapSnapshot=true, pageLoadStrategy=normal, databaseEnabled=false, handlesAlerts=true, hasTouchScreen=false, version=59.0.3071.115, platform=WIN8, browserConnectionEnabled=false, nativeEvents=true, acceptSslCerts=true, locationContextEnabled=true, webStorageEnabled=true, browserName=chrome, takesScreenshot=true, javascriptEnabled=true, cssSelectorsEnabled=true, unexpectedAlertBehaviour=}]\nSession ID: d3388aac672ef7e5648fbbaf8403734c\n*** Element info: {Using=css selector, value=.step1-overview>h2}",
          "subLogs": [],
          "duration": 16
        },
        {
          "commandName": "findElement",
          "args": [
            "{value=.step1-overview>h2, using=css selector}"
          ],
          "result": "no such element: Unable to locate element: {\"method\":\"css selector\",\"selector\":\".step1-overview>h2\"}\n  (Session info: chrome=59.0.3071.115)\n  (Driver info: chromedriver=2.28.455520 (cc17746adff54984afff480136733114c6b3704b),platform=Windows NT 6.2.9200 x86_64) (WARNING: The server did not provide any stacktrace information)\nCommand duration or timeout: 18 milliseconds\nFor documentation on this error, please visit: http://seleniumhq.org/exceptions/no_such_element.html\nBuild info: version: '2.53.0', revision: '35ae25b1534ae328c771e0856c93e187490ca824', time: '2016-03-15 10:43:46'\nSystem info: host: 'ICPL11465', ip: '10.11.31.46', os.name: 'Windows 8', os.arch: 'amd64', os.version: '6.2', java.version: '1.8.0_121'\nDriver info: com.qmetry.qaf.automation.ui.webdriver.QAFExtendedWebDriver\nCapabilities [{applicationCacheEnabled=false, rotatable=false, mobileEmulationEnabled=false, networkConnectionEnabled=false, chrome={chromedriverVersion=2.28.455520 (cc17746adff54984afff480136733114c6b3704b), userDataDir=C:\\Users\\SATISH~1.GAR\\AppData\\Local\\Temp\\scoped_dir2324_8020}, takesHeapSnapshot=true, pageLoadStrategy=normal, databaseEnabled=false, handlesAlerts=true, hasTouchScreen=false, version=59.0.3071.115, platform=WIN8, browserConnectionEnabled=false, nativeEvents=true, acceptSslCerts=true, locationContextEnabled=true, webStorageEnabled=true, browserName=chrome, takesScreenshot=true, javascriptEnabled=true, cssSelectorsEnabled=true, unexpectedAlertBehaviour=}]\nSession ID: d3388aac672ef7e5648fbbaf8403734c\n*** Element info: {Using=css selector, value=.step1-overview>h2}",
          "subLogs": [],
          "duration": 18
        },
        {
          "commandName": "findElement",
          "args": [
            "{value=.step1-overview>h2, using=css selector}"
          ],
          "result": "no such element: Unable to locate element: {\"method\":\"css selector\",\"selector\":\".step1-overview>h2\"}\n  (Session info: chrome=59.0.3071.115)\n  (Driver info: chromedriver=2.28.455520 (cc17746adff54984afff480136733114c6b3704b),platform=Windows NT 6.2.9200 x86_64) (WARNING: The server did not provide any stacktrace information)\nCommand duration or timeout: 17 milliseconds\nFor documentation on this error, please visit: http://seleniumhq.org/exceptions/no_such_element.html\nBuild info: version: '2.53.0', revision: '35ae25b1534ae328c771e0856c93e187490ca824', time: '2016-03-15 10:43:46'\nSystem info: host: 'ICPL11465', ip: '10.11.31.46', os.name: 'Windows 8', os.arch: 'amd64', os.version: '6.2', java.version: '1.8.0_121'\nDriver info: com.qmetry.qaf.automation.ui.webdriver.QAFExtendedWebDriver\nCapabilities [{applicationCacheEnabled=false, rotatable=false, mobileEmulationEnabled=false, networkConnectionEnabled=false, chrome={chromedriverVersion=2.28.455520 (cc17746adff54984afff480136733114c6b3704b), userDataDir=C:\\Users\\SATISH~1.GAR\\AppData\\Local\\Temp\\scoped_dir2324_8020}, takesHeapSnapshot=true, pageLoadStrategy=normal, databaseEnabled=false, handlesAlerts=true, hasTouchScreen=false, version=59.0.3071.115, platform=WIN8, browserConnectionEnabled=false, nativeEvents=true, acceptSslCerts=true, locationContextEnabled=true, webStorageEnabled=true, browserName=chrome, takesScreenshot=true, javascriptEnabled=true, cssSelectorsEnabled=true, unexpectedAlertBehaviour=}]\nSession ID: d3388aac672ef7e5648fbbaf8403734c\n*** Element info: {Using=css selector, value=.step1-overview>h2}",
          "subLogs": [],
          "duration": 18
        },
        {
          "commandName": "findElement",
          "args": [
            "{value=.step1-overview>h2, using=css selector}"
          ],
          "result": "no such element: Unable to locate element: {\"method\":\"css selector\",\"selector\":\".step1-overview>h2\"}\n  (Session info: chrome=59.0.3071.115)\n  (Driver info: chromedriver=2.28.455520 (cc17746adff54984afff480136733114c6b3704b),platform=Windows NT 6.2.9200 x86_64) (WARNING: The server did not provide any stacktrace information)\nCommand duration or timeout: 16 milliseconds\nFor documentation on this error, please visit: http://seleniumhq.org/exceptions/no_such_element.html\nBuild info: version: '2.53.0', revision: '35ae25b1534ae328c771e0856c93e187490ca824', time: '2016-03-15 10:43:46'\nSystem info: host: 'ICPL11465', ip: '10.11.31.46', os.name: 'Windows 8', os.arch: 'amd64', os.version: '6.2', java.version: '1.8.0_121'\nDriver info: com.qmetry.qaf.automation.ui.webdriver.QAFExtendedWebDriver\nCapabilities [{applicationCacheEnabled=false, rotatable=false, mobileEmulationEnabled=false, networkConnectionEnabled=false, chrome={chromedriverVersion=2.28.455520 (cc17746adff54984afff480136733114c6b3704b), userDataDir=C:\\Users\\SATISH~1.GAR\\AppData\\Local\\Temp\\scoped_dir2324_8020}, takesHeapSnapshot=true, pageLoadStrategy=normal, databaseEnabled=false, handlesAlerts=true, hasTouchScreen=false, version=59.0.3071.115, platform=WIN8, browserConnectionEnabled=false, nativeEvents=true, acceptSslCerts=true, locationContextEnabled=true, webStorageEnabled=true, browserName=chrome, takesScreenshot=true, javascriptEnabled=true, cssSelectorsEnabled=true, unexpectedAlertBehaviour=}]\nSession ID: d3388aac672ef7e5648fbbaf8403734c\n*** Element info: {Using=css selector, value=.step1-overview>h2}",
          "subLogs": [],
          "duration": 16
        },
        {
          "commandName": "findElement",
          "args": [
            "{value=.step1-overview>h2, using=css selector}"
          ],
          "result": "no such element: Unable to locate element: {\"method\":\"css selector\",\"selector\":\".step1-overview>h2\"}\n  (Session info: chrome=59.0.3071.115)\n  (Driver info: chromedriver=2.28.455520 (cc17746adff54984afff480136733114c6b3704b),platform=Windows NT 6.2.9200 x86_64) (WARNING: The server did not provide any stacktrace information)\nCommand duration or timeout: 17 milliseconds\nFor documentation on this error, please visit: http://seleniumhq.org/exceptions/no_such_element.html\nBuild info: version: '2.53.0', revision: '35ae25b1534ae328c771e0856c93e187490ca824', time: '2016-03-15 10:43:46'\nSystem info: host: 'ICPL11465', ip: '10.11.31.46', os.name: 'Windows 8', os.arch: 'amd64', os.version: '6.2', java.version: '1.8.0_121'\nDriver info: com.qmetry.qaf.automation.ui.webdriver.QAFExtendedWebDriver\nCapabilities [{applicationCacheEnabled=false, rotatable=false, mobileEmulationEnabled=false, networkConnectionEnabled=false, chrome={chromedriverVersion=2.28.455520 (cc17746adff54984afff480136733114c6b3704b), userDataDir=C:\\Users\\SATISH~1.GAR\\AppData\\Local\\Temp\\scoped_dir2324_8020}, takesHeapSnapshot=true, pageLoadStrategy=normal, databaseEnabled=false, handlesAlerts=true, hasTouchScreen=false, version=59.0.3071.115, platform=WIN8, browserConnectionEnabled=false, nativeEvents=true, acceptSslCerts=true, locationContextEnabled=true, webStorageEnabled=true, browserName=chrome, takesScreenshot=true, javascriptEnabled=true, cssSelectorsEnabled=true, unexpectedAlertBehaviour=}]\nSession ID: d3388aac672ef7e5648fbbaf8403734c\n*** Element info: {Using=css selector, value=.step1-overview>h2}",
          "subLogs": [],
          "duration": 17
        },
        {
          "commandName": "findElement",
          "args": [
            "{value=.step1-overview>h2, using=css selector}"
          ],
          "result": "no such element: Unable to locate element: {\"method\":\"css selector\",\"selector\":\".step1-overview>h2\"}\n  (Session info: chrome=59.0.3071.115)\n  (Driver info: chromedriver=2.28.455520 (cc17746adff54984afff480136733114c6b3704b),platform=Windows NT 6.2.9200 x86_64) (WARNING: The server did not provide any stacktrace information)\nCommand duration or timeout: 16 milliseconds\nFor documentation on this error, please visit: http://seleniumhq.org/exceptions/no_such_element.html\nBuild info: version: '2.53.0', revision: '35ae25b1534ae328c771e0856c93e187490ca824', time: '2016-03-15 10:43:46'\nSystem info: host: 'ICPL11465', ip: '10.11.31.46', os.name: 'Windows 8', os.arch: 'amd64', os.version: '6.2', java.version: '1.8.0_121'\nDriver info: com.qmetry.qaf.automation.ui.webdriver.QAFExtendedWebDriver\nCapabilities [{applicationCacheEnabled=false, rotatable=false, mobileEmulationEnabled=false, networkConnectionEnabled=false, chrome={chromedriverVersion=2.28.455520 (cc17746adff54984afff480136733114c6b3704b), userDataDir=C:\\Users\\SATISH~1.GAR\\AppData\\Local\\Temp\\scoped_dir2324_8020}, takesHeapSnapshot=true, pageLoadStrategy=normal, databaseEnabled=false, handlesAlerts=true, hasTouchScreen=false, version=59.0.3071.115, platform=WIN8, browserConnectionEnabled=false, nativeEvents=true, acceptSslCerts=true, locationContextEnabled=true, webStorageEnabled=true, browserName=chrome, takesScreenshot=true, javascriptEnabled=true, cssSelectorsEnabled=true, unexpectedAlertBehaviour=}]\nSession ID: d3388aac672ef7e5648fbbaf8403734c\n*** Element info: {Using=css selector, value=.step1-overview>h2}",
          "subLogs": [],
          "duration": 16
        },
        {
          "commandName": "findElement",
          "args": [
            "{value=.step1-overview>h2, using=css selector}"
          ],
          "result": "no such element: Unable to locate element: {\"method\":\"css selector\",\"selector\":\".step1-overview>h2\"}\n  (Session info: chrome=59.0.3071.115)\n  (Driver info: chromedriver=2.28.455520 (cc17746adff54984afff480136733114c6b3704b),platform=Windows NT 6.2.9200 x86_64) (WARNING: The server did not provide any stacktrace information)\nCommand duration or timeout: 15 milliseconds\nFor documentation on this error, please visit: http://seleniumhq.org/exceptions/no_such_element.html\nBuild info: version: '2.53.0', revision: '35ae25b1534ae328c771e0856c93e187490ca824', time: '2016-03-15 10:43:46'\nSystem info: host: 'ICPL11465', ip: '10.11.31.46', os.name: 'Windows 8', os.arch: 'amd64', os.version: '6.2', java.version: '1.8.0_121'\nDriver info: com.qmetry.qaf.automation.ui.webdriver.QAFExtendedWebDriver\nCapabilities [{applicationCacheEnabled=false, rotatable=false, mobileEmulationEnabled=false, networkConnectionEnabled=false, chrome={chromedriverVersion=2.28.455520 (cc17746adff54984afff480136733114c6b3704b), userDataDir=C:\\Users\\SATISH~1.GAR\\AppData\\Local\\Temp\\scoped_dir2324_8020}, takesHeapSnapshot=true, pageLoadStrategy=normal, databaseEnabled=false, handlesAlerts=true, hasTouchScreen=false, version=59.0.3071.115, platform=WIN8, browserConnectionEnabled=false, nativeEvents=true, acceptSslCerts=true, locationContextEnabled=true, webStorageEnabled=true, browserName=chrome, takesScreenshot=true, javascriptEnabled=true, cssSelectorsEnabled=true, unexpectedAlertBehaviour=}]\nSession ID: d3388aac672ef7e5648fbbaf8403734c\n*** Element info: {Using=css selector, value=.step1-overview>h2}",
          "subLogs": [],
          "duration": 15
        },
        {
          "commandName": "findElement",
          "args": [
            "{value=.step1-overview>h2, using=css selector}"
          ],
          "result": "no such element: Unable to locate element: {\"method\":\"css selector\",\"selector\":\".step1-overview>h2\"}\n  (Session info: chrome=59.0.3071.115)\n  (Driver info: chromedriver=2.28.455520 (cc17746adff54984afff480136733114c6b3704b),platform=Windows NT 6.2.9200 x86_64) (WARNING: The server did not provide any stacktrace information)\nCommand duration or timeout: 15 milliseconds\nFor documentation on this error, please visit: http://seleniumhq.org/exceptions/no_such_element.html\nBuild info: version: '2.53.0', revision: '35ae25b1534ae328c771e0856c93e187490ca824', time: '2016-03-15 10:43:46'\nSystem info: host: 'ICPL11465', ip: '10.11.31.46', os.name: 'Windows 8', os.arch: 'amd64', os.version: '6.2', java.version: '1.8.0_121'\nDriver info: com.qmetry.qaf.automation.ui.webdriver.QAFExtendedWebDriver\nCapabilities [{applicationCacheEnabled=false, rotatable=false, mobileEmulationEnabled=false, networkConnectionEnabled=false, chrome={chromedriverVersion=2.28.455520 (cc17746adff54984afff480136733114c6b3704b), userDataDir=C:\\Users\\SATISH~1.GAR\\AppData\\Local\\Temp\\scoped_dir2324_8020}, takesHeapSnapshot=true, pageLoadStrategy=normal, databaseEnabled=false, handlesAlerts=true, hasTouchScreen=false, version=59.0.3071.115, platform=WIN8, browserConnectionEnabled=false, nativeEvents=true, acceptSslCerts=true, locationContextEnabled=true, webStorageEnabled=true, browserName=chrome, takesScreenshot=true, javascriptEnabled=true, cssSelectorsEnabled=true, unexpectedAlertBehaviour=}]\nSession ID: d3388aac672ef7e5648fbbaf8403734c\n*** Element info: {Using=css selector, value=.step1-overview>h2}",
          "subLogs": [],
          "duration": 16
        },
        {
          "commandName": "findElement",
          "args": [
            "{value=.step1-overview>h2, using=css selector}"
          ],
          "result": "no such element: Unable to locate element: {\"method\":\"css selector\",\"selector\":\".step1-overview>h2\"}\n  (Session info: chrome=59.0.3071.115)\n  (Driver info: chromedriver=2.28.455520 (cc17746adff54984afff480136733114c6b3704b),platform=Windows NT 6.2.9200 x86_64) (WARNING: The server did not provide any stacktrace information)\nCommand duration or timeout: 18 milliseconds\nFor documentation on this error, please visit: http://seleniumhq.org/exceptions/no_such_element.html\nBuild info: version: '2.53.0', revision: '35ae25b1534ae328c771e0856c93e187490ca824', time: '2016-03-15 10:43:46'\nSystem info: host: 'ICPL11465', ip: '10.11.31.46', os.name: 'Windows 8', os.arch: 'amd64', os.version: '6.2', java.version: '1.8.0_121'\nDriver info: com.qmetry.qaf.automation.ui.webdriver.QAFExtendedWebDriver\nCapabilities [{applicationCacheEnabled=false, rotatable=false, mobileEmulationEnabled=false, networkConnectionEnabled=false, chrome={chromedriverVersion=2.28.455520 (cc17746adff54984afff480136733114c6b3704b), userDataDir=C:\\Users\\SATISH~1.GAR\\AppData\\Local\\Temp\\scoped_dir2324_8020}, takesHeapSnapshot=true, pageLoadStrategy=normal, databaseEnabled=false, handlesAlerts=true, hasTouchScreen=false, version=59.0.3071.115, platform=WIN8, browserConnectionEnabled=false, nativeEvents=true, acceptSslCerts=true, locationContextEnabled=true, webStorageEnabled=true, browserName=chrome, takesScreenshot=true, javascriptEnabled=true, cssSelectorsEnabled=true, unexpectedAlertBehaviour=}]\nSession ID: d3388aac672ef7e5648fbbaf8403734c\n*** Element info: {Using=css selector, value=.step1-overview>h2}",
          "subLogs": [],
          "duration": 18
        },
        {
          "commandName": "findElement",
          "args": [
            "{value=.step1-overview>h2, using=css selector}"
          ],
          "result": "no such element: Unable to locate element: {\"method\":\"css selector\",\"selector\":\".step1-overview>h2\"}\n  (Session info: chrome=59.0.3071.115)\n  (Driver info: chromedriver=2.28.455520 (cc17746adff54984afff480136733114c6b3704b),platform=Windows NT 6.2.9200 x86_64) (WARNING: The server did not provide any stacktrace information)\nCommand duration or timeout: 16 milliseconds\nFor documentation on this error, please visit: http://seleniumhq.org/exceptions/no_such_element.html\nBuild info: version: '2.53.0', revision: '35ae25b1534ae328c771e0856c93e187490ca824', time: '2016-03-15 10:43:46'\nSystem info: host: 'ICPL11465', ip: '10.11.31.46', os.name: 'Windows 8', os.arch: 'amd64', os.version: '6.2', java.version: '1.8.0_121'\nDriver info: com.qmetry.qaf.automation.ui.webdriver.QAFExtendedWebDriver\nCapabilities [{applicationCacheEnabled=false, rotatable=false, mobileEmulationEnabled=false, networkConnectionEnabled=false, chrome={chromedriverVersion=2.28.455520 (cc17746adff54984afff480136733114c6b3704b), userDataDir=C:\\Users\\SATISH~1.GAR\\AppData\\Local\\Temp\\scoped_dir2324_8020}, takesHeapSnapshot=true, pageLoadStrategy=normal, databaseEnabled=false, handlesAlerts=true, hasTouchScreen=false, version=59.0.3071.115, platform=WIN8, browserConnectionEnabled=false, nativeEvents=true, acceptSslCerts=true, locationContextEnabled=true, webStorageEnabled=true, browserName=chrome, takesScreenshot=true, javascriptEnabled=true, cssSelectorsEnabled=true, unexpectedAlertBehaviour=}]\nSession ID: d3388aac672ef7e5648fbbaf8403734c\n*** Element info: {Using=css selector, value=.step1-overview>h2}",
          "subLogs": [],
          "duration": 16
        },
        {
          "commandName": "findElement",
          "args": [
            "{value=.step1-overview>h2, using=css selector}"
          ],
          "result": "no such element: Unable to locate element: {\"method\":\"css selector\",\"selector\":\".step1-overview>h2\"}\n  (Session info: chrome=59.0.3071.115)\n  (Driver info: chromedriver=2.28.455520 (cc17746adff54984afff480136733114c6b3704b),platform=Windows NT 6.2.9200 x86_64) (WARNING: The server did not provide any stacktrace information)\nCommand duration or timeout: 15 milliseconds\nFor documentation on this error, please visit: http://seleniumhq.org/exceptions/no_such_element.html\nBuild info: version: '2.53.0', revision: '35ae25b1534ae328c771e0856c93e187490ca824', time: '2016-03-15 10:43:46'\nSystem info: host: 'ICPL11465', ip: '10.11.31.46', os.name: 'Windows 8', os.arch: 'amd64', os.version: '6.2', java.version: '1.8.0_121'\nDriver info: com.qmetry.qaf.automation.ui.webdriver.QAFExtendedWebDriver\nCapabilities [{applicationCacheEnabled=false, rotatable=false, mobileEmulationEnabled=false, networkConnectionEnabled=false, chrome={chromedriverVersion=2.28.455520 (cc17746adff54984afff480136733114c6b3704b), userDataDir=C:\\Users\\SATISH~1.GAR\\AppData\\Local\\Temp\\scoped_dir2324_8020}, takesHeapSnapshot=true, pageLoadStrategy=normal, databaseEnabled=false, handlesAlerts=true, hasTouchScreen=false, version=59.0.3071.115, platform=WIN8, browserConnectionEnabled=false, nativeEvents=true, acceptSslCerts=true, locationContextEnabled=true, webStorageEnabled=true, browserName=chrome, takesScreenshot=true, javascriptEnabled=true, cssSelectorsEnabled=true, unexpectedAlertBehaviour=}]\nSession ID: d3388aac672ef7e5648fbbaf8403734c\n*** Element info: {Using=css selector, value=.step1-overview>h2}",
          "subLogs": [],
          "duration": 15
        },
        {
          "commandName": "findElement",
          "args": [
            "{value=.step1-overview>h2, using=css selector}"
          ],
          "result": "no such element: Unable to locate element: {\"method\":\"css selector\",\"selector\":\".step1-overview>h2\"}\n  (Session info: chrome=59.0.3071.115)\n  (Driver info: chromedriver=2.28.455520 (cc17746adff54984afff480136733114c6b3704b),platform=Windows NT 6.2.9200 x86_64) (WARNING: The server did not provide any stacktrace information)\nCommand duration or timeout: 16 milliseconds\nFor documentation on this error, please visit: http://seleniumhq.org/exceptions/no_such_element.html\nBuild info: version: '2.53.0', revision: '35ae25b1534ae328c771e0856c93e187490ca824', time: '2016-03-15 10:43:46'\nSystem info: host: 'ICPL11465', ip: '10.11.31.46', os.name: 'Windows 8', os.arch: 'amd64', os.version: '6.2', java.version: '1.8.0_121'\nDriver info: com.qmetry.qaf.automation.ui.webdriver.QAFExtendedWebDriver\nCapabilities [{applicationCacheEnabled=false, rotatable=false, mobileEmulationEnabled=false, networkConnectionEnabled=false, chrome={chromedriverVersion=2.28.455520 (cc17746adff54984afff480136733114c6b3704b), userDataDir=C:\\Users\\SATISH~1.GAR\\AppData\\Local\\Temp\\scoped_dir2324_8020}, takesHeapSnapshot=true, pageLoadStrategy=normal, databaseEnabled=false, handlesAlerts=true, hasTouchScreen=false, version=59.0.3071.115, platform=WIN8, browserConnectionEnabled=false, nativeEvents=true, acceptSslCerts=true, locationContextEnabled=true, webStorageEnabled=true, browserName=chrome, takesScreenshot=true, javascriptEnabled=true, cssSelectorsEnabled=true, unexpectedAlertBehaviour=}]\nSession ID: d3388aac672ef7e5648fbbaf8403734c\n*** Element info: {Using=css selector, value=.step1-overview>h2}",
          "subLogs": [],
          "duration": 16
        },
        {
          "commandName": "findElement",
          "args": [
            "{value=.step1-overview>h2, using=css selector}"
          ],
          "result": "no such element: Unable to locate element: {\"method\":\"css selector\",\"selector\":\".step1-overview>h2\"}\n  (Session info: chrome=59.0.3071.115)\n  (Driver info: chromedriver=2.28.455520 (cc17746adff54984afff480136733114c6b3704b),platform=Windows NT 6.2.9200 x86_64) (WARNING: The server did not provide any stacktrace information)\nCommand duration or timeout: 17 milliseconds\nFor documentation on this error, please visit: http://seleniumhq.org/exceptions/no_such_element.html\nBuild info: version: '2.53.0', revision: '35ae25b1534ae328c771e0856c93e187490ca824', time: '2016-03-15 10:43:46'\nSystem info: host: 'ICPL11465', ip: '10.11.31.46', os.name: 'Windows 8', os.arch: 'amd64', os.version: '6.2', java.version: '1.8.0_121'\nDriver info: com.qmetry.qaf.automation.ui.webdriver.QAFExtendedWebDriver\nCapabilities [{applicationCacheEnabled=false, rotatable=false, mobileEmulationEnabled=false, networkConnectionEnabled=false, chrome={chromedriverVersion=2.28.455520 (cc17746adff54984afff480136733114c6b3704b), userDataDir=C:\\Users\\SATISH~1.GAR\\AppData\\Local\\Temp\\scoped_dir2324_8020}, takesHeapSnapshot=true, pageLoadStrategy=normal, databaseEnabled=false, handlesAlerts=true, hasTouchScreen=false, version=59.0.3071.115, platform=WIN8, browserConnectionEnabled=false, nativeEvents=true, acceptSslCerts=true, locationContextEnabled=true, webStorageEnabled=true, browserName=chrome, takesScreenshot=true, javascriptEnabled=true, cssSelectorsEnabled=true, unexpectedAlertBehaviour=}]\nSession ID: d3388aac672ef7e5648fbbaf8403734c\n*** Element info: {Using=css selector, value=.step1-overview>h2}",
          "subLogs": [],
          "duration": 17
        },
        {
          "commandName": "findElement",
          "args": [
            "{value=.step1-overview>h2, using=css selector}"
          ],
          "result": "no such element: Unable to locate element: {\"method\":\"css selector\",\"selector\":\".step1-overview>h2\"}\n  (Session info: chrome=59.0.3071.115)\n  (Driver info: chromedriver=2.28.455520 (cc17746adff54984afff480136733114c6b3704b),platform=Windows NT 6.2.9200 x86_64) (WARNING: The server did not provide any stacktrace information)\nCommand duration or timeout: 15 milliseconds\nFor documentation on this error, please visit: http://seleniumhq.org/exceptions/no_such_element.html\nBuild info: version: '2.53.0', revision: '35ae25b1534ae328c771e0856c93e187490ca824', time: '2016-03-15 10:43:46'\nSystem info: host: 'ICPL11465', ip: '10.11.31.46', os.name: 'Windows 8', os.arch: 'amd64', os.version: '6.2', java.version: '1.8.0_121'\nDriver info: com.qmetry.qaf.automation.ui.webdriver.QAFExtendedWebDriver\nCapabilities [{applicationCacheEnabled=false, rotatable=false, mobileEmulationEnabled=false, networkConnectionEnabled=false, chrome={chromedriverVersion=2.28.455520 (cc17746adff54984afff480136733114c6b3704b), userDataDir=C:\\Users\\SATISH~1.GAR\\AppData\\Local\\Temp\\scoped_dir2324_8020}, takesHeapSnapshot=true, pageLoadStrategy=normal, databaseEnabled=false, handlesAlerts=true, hasTouchScreen=false, version=59.0.3071.115, platform=WIN8, browserConnectionEnabled=false, nativeEvents=true, acceptSslCerts=true, locationContextEnabled=true, webStorageEnabled=true, browserName=chrome, takesScreenshot=true, javascriptEnabled=true, cssSelectorsEnabled=true, unexpectedAlertBehaviour=}]\nSession ID: d3388aac672ef7e5648fbbaf8403734c\n*** Element info: {Using=css selector, value=.step1-overview>h2}",
          "subLogs": [],
          "duration": 16
        },
        {
          "commandName": "findElement",
          "args": [
            "{value=.step1-overview>h2, using=css selector}"
          ],
          "result": "no such element: Unable to locate element: {\"method\":\"css selector\",\"selector\":\".step1-overview>h2\"}\n  (Session info: chrome=59.0.3071.115)\n  (Driver info: chromedriver=2.28.455520 (cc17746adff54984afff480136733114c6b3704b),platform=Windows NT 6.2.9200 x86_64) (WARNING: The server did not provide any stacktrace information)\nCommand duration or timeout: 16 milliseconds\nFor documentation on this error, please visit: http://seleniumhq.org/exceptions/no_such_element.html\nBuild info: version: '2.53.0', revision: '35ae25b1534ae328c771e0856c93e187490ca824', time: '2016-03-15 10:43:46'\nSystem info: host: 'ICPL11465', ip: '10.11.31.46', os.name: 'Windows 8', os.arch: 'amd64', os.version: '6.2', java.version: '1.8.0_121'\nDriver info: com.qmetry.qaf.automation.ui.webdriver.QAFExtendedWebDriver\nCapabilities [{applicationCacheEnabled=false, rotatable=false, mobileEmulationEnabled=false, networkConnectionEnabled=false, chrome={chromedriverVersion=2.28.455520 (cc17746adff54984afff480136733114c6b3704b), userDataDir=C:\\Users\\SATISH~1.GAR\\AppData\\Local\\Temp\\scoped_dir2324_8020}, takesHeapSnapshot=true, pageLoadStrategy=normal, databaseEnabled=false, handlesAlerts=true, hasTouchScreen=false, version=59.0.3071.115, platform=WIN8, browserConnectionEnabled=false, nativeEvents=true, acceptSslCerts=true, locationContextEnabled=true, webStorageEnabled=true, browserName=chrome, takesScreenshot=true, javascriptEnabled=true, cssSelectorsEnabled=true, unexpectedAlertBehaviour=}]\nSession ID: d3388aac672ef7e5648fbbaf8403734c\n*** Element info: {Using=css selector, value=.step1-overview>h2}",
          "subLogs": [],
          "duration": 16
        },
        {
          "commandName": "findElement",
          "args": [
            "{value=.step1-overview>h2, using=css selector}"
          ],
          "result": "no such element: Unable to locate element: {\"method\":\"css selector\",\"selector\":\".step1-overview>h2\"}\n  (Session info: chrome=59.0.3071.115)\n  (Driver info: chromedriver=2.28.455520 (cc17746adff54984afff480136733114c6b3704b),platform=Windows NT 6.2.9200 x86_64) (WARNING: The server did not provide any stacktrace information)\nCommand duration or timeout: 15 milliseconds\nFor documentation on this error, please visit: http://seleniumhq.org/exceptions/no_such_element.html\nBuild info: version: '2.53.0', revision: '35ae25b1534ae328c771e0856c93e187490ca824', time: '2016-03-15 10:43:46'\nSystem info: host: 'ICPL11465', ip: '10.11.31.46', os.name: 'Windows 8', os.arch: 'amd64', os.version: '6.2', java.version: '1.8.0_121'\nDriver info: com.qmetry.qaf.automation.ui.webdriver.QAFExtendedWebDriver\nCapabilities [{applicationCacheEnabled=false, rotatable=false, mobileEmulationEnabled=false, networkConnectionEnabled=false, chrome={chromedriverVersion=2.28.455520 (cc17746adff54984afff480136733114c6b3704b), userDataDir=C:\\Users\\SATISH~1.GAR\\AppData\\Local\\Temp\\scoped_dir2324_8020}, takesHeapSnapshot=true, pageLoadStrategy=normal, databaseEnabled=false, handlesAlerts=true, hasTouchScreen=false, version=59.0.3071.115, platform=WIN8, browserConnectionEnabled=false, nativeEvents=true, acceptSslCerts=true, locationContextEnabled=true, webStorageEnabled=true, browserName=chrome, takesScreenshot=true, javascriptEnabled=true, cssSelectorsEnabled=true, unexpectedAlertBehaviour=}]\nSession ID: d3388aac672ef7e5648fbbaf8403734c\n*** Element info: {Using=css selector, value=.step1-overview>h2}",
          "subLogs": [],
          "duration": 16
        },
        {
          "commandName": "findElement",
          "args": [
            "{value=.step1-overview>h2, using=css selector}"
          ],
          "result": "no such element: Unable to locate element: {\"method\":\"css selector\",\"selector\":\".step1-overview>h2\"}\n  (Session info: chrome=59.0.3071.115)\n  (Driver info: chromedriver=2.28.455520 (cc17746adff54984afff480136733114c6b3704b),platform=Windows NT 6.2.9200 x86_64) (WARNING: The server did not provide any stacktrace information)\nCommand duration or timeout: 16 milliseconds\nFor documentation on this error, please visit: http://seleniumhq.org/exceptions/no_such_element.html\nBuild info: version: '2.53.0', revision: '35ae25b1534ae328c771e0856c93e187490ca824', time: '2016-03-15 10:43:46'\nSystem info: host: 'ICPL11465', ip: '10.11.31.46', os.name: 'Windows 8', os.arch: 'amd64', os.version: '6.2', java.version: '1.8.0_121'\nDriver info: com.qmetry.qaf.automation.ui.webdriver.QAFExtendedWebDriver\nCapabilities [{applicationCacheEnabled=false, rotatable=false, mobileEmulationEnabled=false, networkConnectionEnabled=false, chrome={chromedriverVersion=2.28.455520 (cc17746adff54984afff480136733114c6b3704b), userDataDir=C:\\Users\\SATISH~1.GAR\\AppData\\Local\\Temp\\scoped_dir2324_8020}, takesHeapSnapshot=true, pageLoadStrategy=normal, databaseEnabled=false, handlesAlerts=true, hasTouchScreen=false, version=59.0.3071.115, platform=WIN8, browserConnectionEnabled=false, nativeEvents=true, acceptSslCerts=true, locationContextEnabled=true, webStorageEnabled=true, browserName=chrome, takesScreenshot=true, javascriptEnabled=true, cssSelectorsEnabled=true, unexpectedAlertBehaviour=}]\nSession ID: d3388aac672ef7e5648fbbaf8403734c\n*** Element info: {Using=css selector, value=.step1-overview>h2}",
          "subLogs": [],
          "duration": 17
        },
        {
          "commandName": "findElement",
          "args": [
            "{value=.step1-overview>h2, using=css selector}"
          ],
          "result": "no such element: Unable to locate element: {\"method\":\"css selector\",\"selector\":\".step1-overview>h2\"}\n  (Session info: chrome=59.0.3071.115)\n  (Driver info: chromedriver=2.28.455520 (cc17746adff54984afff480136733114c6b3704b),platform=Windows NT 6.2.9200 x86_64) (WARNING: The server did not provide any stacktrace information)\nCommand duration or timeout: 16 milliseconds\nFor documentation on this error, please visit: http://seleniumhq.org/exceptions/no_such_element.html\nBuild info: version: '2.53.0', revision: '35ae25b1534ae328c771e0856c93e187490ca824', time: '2016-03-15 10:43:46'\nSystem info: host: 'ICPL11465', ip: '10.11.31.46', os.name: 'Windows 8', os.arch: 'amd64', os.version: '6.2', java.version: '1.8.0_121'\nDriver info: com.qmetry.qaf.automation.ui.webdriver.QAFExtendedWebDriver\nCapabilities [{applicationCacheEnabled=false, rotatable=false, mobileEmulationEnabled=false, networkConnectionEnabled=false, chrome={chromedriverVersion=2.28.455520 (cc17746adff54984afff480136733114c6b3704b), userDataDir=C:\\Users\\SATISH~1.GAR\\AppData\\Local\\Temp\\scoped_dir2324_8020}, takesHeapSnapshot=true, pageLoadStrategy=normal, databaseEnabled=false, handlesAlerts=true, hasTouchScreen=false, version=59.0.3071.115, platform=WIN8, browserConnectionEnabled=false, nativeEvents=true, acceptSslCerts=true, locationContextEnabled=true, webStorageEnabled=true, browserName=chrome, takesScreenshot=true, javascriptEnabled=true, cssSelectorsEnabled=true, unexpectedAlertBehaviour=}]\nSession ID: d3388aac672ef7e5648fbbaf8403734c\n*** Element info: {Using=css selector, value=.step1-overview>h2}",
          "subLogs": [],
          "duration": 16
        },
        {
          "commandName": "findElement",
          "args": [
            "{value=.step1-overview>h2, using=css selector}"
          ],
          "result": "no such element: Unable to locate element: {\"method\":\"css selector\",\"selector\":\".step1-overview>h2\"}\n  (Session info: chrome=59.0.3071.115)\n  (Driver info: chromedriver=2.28.455520 (cc17746adff54984afff480136733114c6b3704b),platform=Windows NT 6.2.9200 x86_64) (WARNING: The server did not provide any stacktrace information)\nCommand duration or timeout: 17 milliseconds\nFor documentation on this error, please visit: http://seleniumhq.org/exceptions/no_such_element.html\nBuild info: version: '2.53.0', revision: '35ae25b1534ae328c771e0856c93e187490ca824', time: '2016-03-15 10:43:46'\nSystem info: host: 'ICPL11465', ip: '10.11.31.46', os.name: 'Windows 8', os.arch: 'amd64', os.version: '6.2', java.version: '1.8.0_121'\nDriver info: com.qmetry.qaf.automation.ui.webdriver.QAFExtendedWebDriver\nCapabilities [{applicationCacheEnabled=false, rotatable=false, mobileEmulationEnabled=false, networkConnectionEnabled=false, chrome={chromedriverVersion=2.28.455520 (cc17746adff54984afff480136733114c6b3704b), userDataDir=C:\\Users\\SATISH~1.GAR\\AppData\\Local\\Temp\\scoped_dir2324_8020}, takesHeapSnapshot=true, pageLoadStrategy=normal, databaseEnabled=false, handlesAlerts=true, hasTouchScreen=false, version=59.0.3071.115, platform=WIN8, browserConnectionEnabled=false, nativeEvents=true, acceptSslCerts=true, locationContextEnabled=true, webStorageEnabled=true, browserName=chrome, takesScreenshot=true, javascriptEnabled=true, cssSelectorsEnabled=true, unexpectedAlertBehaviour=}]\nSession ID: d3388aac672ef7e5648fbbaf8403734c\n*** Element info: {Using=css selector, value=.step1-overview>h2}",
          "subLogs": [],
          "duration": 17
        },
        {
          "commandName": "findElement",
          "args": [
            "{value=.step1-overview>h2, using=css selector}"
          ],
          "result": "no such element: Unable to locate element: {\"method\":\"css selector\",\"selector\":\".step1-overview>h2\"}\n  (Session info: chrome=59.0.3071.115)\n  (Driver info: chromedriver=2.28.455520 (cc17746adff54984afff480136733114c6b3704b),platform=Windows NT 6.2.9200 x86_64) (WARNING: The server did not provide any stacktrace information)\nCommand duration or timeout: 15 milliseconds\nFor documentation on this error, please visit: http://seleniumhq.org/exceptions/no_such_element.html\nBuild info: version: '2.53.0', revision: '35ae25b1534ae328c771e0856c93e187490ca824', time: '2016-03-15 10:43:46'\nSystem info: host: 'ICPL11465', ip: '10.11.31.46', os.name: 'Windows 8', os.arch: 'amd64', os.version: '6.2', java.version: '1.8.0_121'\nDriver info: com.qmetry.qaf.automation.ui.webdriver.QAFExtendedWebDriver\nCapabilities [{applicationCacheEnabled=false, rotatable=false, mobileEmulationEnabled=false, networkConnectionEnabled=false, chrome={chromedriverVersion=2.28.455520 (cc17746adff54984afff480136733114c6b3704b), userDataDir=C:\\Users\\SATISH~1.GAR\\AppData\\Local\\Temp\\scoped_dir2324_8020}, takesHeapSnapshot=true, pageLoadStrategy=normal, databaseEnabled=false, handlesAlerts=true, hasTouchScreen=false, version=59.0.3071.115, platform=WIN8, browserConnectionEnabled=false, nativeEvents=true, acceptSslCerts=true, locationContextEnabled=true, webStorageEnabled=true, browserName=chrome, takesScreenshot=true, javascriptEnabled=true, cssSelectorsEnabled=true, unexpectedAlertBehaviour=}]\nSession ID: d3388aac672ef7e5648fbbaf8403734c\n*** Element info: {Using=css selector, value=.step1-overview>h2}",
          "subLogs": [],
          "duration": 15
        },
        {
          "commandName": "findElement",
          "args": [
            "{value=.step1-overview>h2, using=css selector}"
          ],
          "result": "no such element: Unable to locate element: {\"method\":\"css selector\",\"selector\":\".step1-overview>h2\"}\n  (Session info: chrome=59.0.3071.115)\n  (Driver info: chromedriver=2.28.455520 (cc17746adff54984afff480136733114c6b3704b),platform=Windows NT 6.2.9200 x86_64) (WARNING: The server did not provide any stacktrace information)\nCommand duration or timeout: 15 milliseconds\nFor documentation on this error, please visit: http://seleniumhq.org/exceptions/no_such_element.html\nBuild info: version: '2.53.0', revision: '35ae25b1534ae328c771e0856c93e187490ca824', time: '2016-03-15 10:43:46'\nSystem info: host: 'ICPL11465', ip: '10.11.31.46', os.name: 'Windows 8', os.arch: 'amd64', os.version: '6.2', java.version: '1.8.0_121'\nDriver info: com.qmetry.qaf.automation.ui.webdriver.QAFExtendedWebDriver\nCapabilities [{applicationCacheEnabled=false, rotatable=false, mobileEmulationEnabled=false, networkConnectionEnabled=false, chrome={chromedriverVersion=2.28.455520 (cc17746adff54984afff480136733114c6b3704b), userDataDir=C:\\Users\\SATISH~1.GAR\\AppData\\Local\\Temp\\scoped_dir2324_8020}, takesHeapSnapshot=true, pageLoadStrategy=normal, databaseEnabled=false, handlesAlerts=true, hasTouchScreen=false, version=59.0.3071.115, platform=WIN8, browserConnectionEnabled=false, nativeEvents=true, acceptSslCerts=true, locationContextEnabled=true, webStorageEnabled=true, browserName=chrome, takesScreenshot=true, javascriptEnabled=true, cssSelectorsEnabled=true, unexpectedAlertBehaviour=}]\nSession ID: d3388aac672ef7e5648fbbaf8403734c\n*** Element info: {Using=css selector, value=.step1-overview>h2}",
          "subLogs": [],
          "duration": 15
        },
        {
          "commandName": "findElement",
          "args": [
            "{value=.step1-overview>h2, using=css selector}"
          ],
          "result": "no such element: Unable to locate element: {\"method\":\"css selector\",\"selector\":\".step1-overview>h2\"}\n  (Session info: chrome=59.0.3071.115)\n  (Driver info: chromedriver=2.28.455520 (cc17746adff54984afff480136733114c6b3704b),platform=Windows NT 6.2.9200 x86_64) (WARNING: The server did not provide any stacktrace information)\nCommand duration or timeout: 15 milliseconds\nFor documentation on this error, please visit: http://seleniumhq.org/exceptions/no_such_element.html\nBuild info: version: '2.53.0', revision: '35ae25b1534ae328c771e0856c93e187490ca824', time: '2016-03-15 10:43:46'\nSystem info: host: 'ICPL11465', ip: '10.11.31.46', os.name: 'Windows 8', os.arch: 'amd64', os.version: '6.2', java.version: '1.8.0_121'\nDriver info: com.qmetry.qaf.automation.ui.webdriver.QAFExtendedWebDriver\nCapabilities [{applicationCacheEnabled=false, rotatable=false, mobileEmulationEnabled=false, networkConnectionEnabled=false, chrome={chromedriverVersion=2.28.455520 (cc17746adff54984afff480136733114c6b3704b), userDataDir=C:\\Users\\SATISH~1.GAR\\AppData\\Local\\Temp\\scoped_dir2324_8020}, takesHeapSnapshot=true, pageLoadStrategy=normal, databaseEnabled=false, handlesAlerts=true, hasTouchScreen=false, version=59.0.3071.115, platform=WIN8, browserConnectionEnabled=false, nativeEvents=true, acceptSslCerts=true, locationContextEnabled=true, webStorageEnabled=true, browserName=chrome, takesScreenshot=true, javascriptEnabled=true, cssSelectorsEnabled=true, unexpectedAlertBehaviour=}]\nSession ID: d3388aac672ef7e5648fbbaf8403734c\n*** Element info: {Using=css selector, value=.step1-overview>h2}",
          "subLogs": [],
          "duration": 15
        },
        {
          "commandName": "findElement",
          "args": [
            "{value=.step1-overview>h2, using=css selector}"
          ],
          "result": "no such element: Unable to locate element: {\"method\":\"css selector\",\"selector\":\".step1-overview>h2\"}\n  (Session info: chrome=59.0.3071.115)\n  (Driver info: chromedriver=2.28.455520 (cc17746adff54984afff480136733114c6b3704b),platform=Windows NT 6.2.9200 x86_64) (WARNING: The server did not provide any stacktrace information)\nCommand duration or timeout: 16 milliseconds\nFor documentation on this error, please visit: http://seleniumhq.org/exceptions/no_such_element.html\nBuild info: version: '2.53.0', revision: '35ae25b1534ae328c771e0856c93e187490ca824', time: '2016-03-15 10:43:46'\nSystem info: host: 'ICPL11465', ip: '10.11.31.46', os.name: 'Windows 8', os.arch: 'amd64', os.version: '6.2', java.version: '1.8.0_121'\nDriver info: com.qmetry.qaf.automation.ui.webdriver.QAFExtendedWebDriver\nCapabilities [{applicationCacheEnabled=false, rotatable=false, mobileEmulationEnabled=false, networkConnectionEnabled=false, chrome={chromedriverVersion=2.28.455520 (cc17746adff54984afff480136733114c6b3704b), userDataDir=C:\\Users\\SATISH~1.GAR\\AppData\\Local\\Temp\\scoped_dir2324_8020}, takesHeapSnapshot=true, pageLoadStrategy=normal, databaseEnabled=false, handlesAlerts=true, hasTouchScreen=false, version=59.0.3071.115, platform=WIN8, browserConnectionEnabled=false, nativeEvents=true, acceptSslCerts=true, locationContextEnabled=true, webStorageEnabled=true, browserName=chrome, takesScreenshot=true, javascriptEnabled=true, cssSelectorsEnabled=true, unexpectedAlertBehaviour=}]\nSession ID: d3388aac672ef7e5648fbbaf8403734c\n*** Element info: {Using=css selector, value=.step1-overview>h2}",
          "subLogs": [],
          "duration": 16
        },
        {
          "commandName": "getElementText",
          "args": [
            "By.cssSelector: .step1-overview>h2",
            "{\"id\":\"-1\"}"
          ],
          "result": "Timed out after 30 seconds waiting for presence of element located by: By.cssSelector: .step1-overview>h2\nBuild info: version: '2.53.0', revision: '35ae25b1534ae328c771e0856c93e187490ca824', time: '2016-03-15 10:43:46'\nSystem info: host: 'ICPL11465', ip: '10.11.31.46', os.name: 'Windows 8', os.arch: 'amd64', os.version: '6.2', java.version: '1.8.0_121'\nDriver info: driver.version: QAFExtendedWebDriver",
          "subLogs": [],
          "duration": 480207724
        }
      ],
      "duration": -1
    },
    {
      "commandName": "When user navigates to 'member agreement' page",
      "args": [
        "[member agreement]"
      ],
      "result": "Not Run",
      "subLogs": [],
      "duration": -1
    },
    {
      "commandName": "Then verify user is on 'member agreement' page",
      "args": [
        "[member agreement]"
      ],
      "result": "Not Run",
      "subLogs": [],
      "duration": -1
    },
    {
      "commandName": "When user navigates to 'privacy policy' page",
      "args": [
        "[privacy policy]"
      ],
      "result": "Not Run",
      "subLogs": [],
      "duration": -1
    },
    {
      "commandName": "Then verify user is on 'privacy policy' page",
      "args": [
        "[privacy policy]"
      ],
      "result": "Not Run",
      "subLogs": [],
      "duration": -1
    }
  ],
  "checkPoints": [
    {
      "message": "Given user is on singlecare 'home' page",
      "type": "TestStepPass",
      "duration": 13575,
      "threshold": 0,
      "subCheckPoints": [
        {
          "message": "Page title is SingleCare: Affordable Health Care & Pharmacy Discount Card",
          "type": "Info",
          "screenshot": "",
          "duration": 0,
          "threshold": 0,
          "subCheckPoints": []
        },
        {
          "message": "We are on singlecare page\nExpected: \"SingleCare: Affordable Health Care & Pharmacy Discount Card\"\n     Actual: was \"SingleCare: Affordable Health Care & Pharmacy Discount Card\"",
          "type": "Pass",
          "screenshot": "img/Sign Up - Verify Sign up page_19qgp2dkpu7f559597.png",
          "duration": 0,
          "threshold": 0,
          "subCheckPoints": []
        }
      ]
    },
    {
      "message": "When user navigates to 'signin' page",
      "type": "TestStepPass",
      "duration": 2606,
      "threshold": 0,
      "subCheckPoints": []
    },
    {
      "message": "Then user verifies 'login' page",
      "type": "TestStepPass",
      "duration": 581,
      "threshold": 0,
      "subCheckPoints": [
        {
          "message": "Page title is Login",
          "type": "Info",
          "screenshot": "",
          "duration": 0,
          "threshold": 0,
          "subCheckPoints": []
        },
        {
          "message": "We are on Login page\nExpected: \"Login\"\n     Actual: was \"Login\"",
          "type": "Pass",
          "screenshot": "img/Sign Up - Verify Sign up page_1m7d9dcbs4v0759598.png",
          "duration": 0,
          "threshold": 0,
          "subCheckPoints": []
        }
      ]
    },
    {
      "message": "When user navigates to 'signup' page",
      "type": "TestStepPass",
      "duration": 12,
      "threshold": 0,
      "subCheckPoints": []
    },
    {
      "message": "Then user verifies signup page",
      "type": "TestStepFail",
      "screenshot": "img/Sign Up - Verify Sign up page_fysmwqg4ks6559599.png",
      "duration": 30582,
      "threshold": 0,
      "subCheckPoints": [
        {
          "message": "Timed out after 30 seconds waiting for presence of element located by: By.cssSelector: .step1-overview>h2\nBuild info: version: '2.53.0', revision: '35ae25b1534ae328c771e0856c93e187490ca824', time: '2016-03-15 10:43:46'\nSystem info: host: 'ICPL11465', ip: '10.11.31.46', os.name: 'Windows 8', os.arch: 'amd64', os.version: '6.2', java.version: '1.8.0_121'\nDriver info: driver.version: QAFExtendedWebDriver",
          "type": "Fail",
          "duration": 0,
          "threshold": 0,
          "subCheckPoints": []
        }
      ]
    },
    {
      "message": "When user navigates to 'member agreement' page",
      "type": "TestStep",
      "duration": 0,
      "threshold": 0,
      "subCheckPoints": []
    },
    {
      "message": "Then verify user is on 'member agreement' page",
      "type": "TestStep",
      "duration": 0,
      "threshold": 0,
      "subCheckPoints": []
    },
    {
      "message": "When user navigates to 'privacy policy' page",
      "type": "TestStep",
      "duration": 0,
      "threshold": 0,
      "subCheckPoints": []
    },
    {
      "message": "Then verify user is on 'privacy policy' page",
      "type": "TestStep",
      "duration": 0,
      "threshold": 0,
      "subCheckPoints": []
    }
  ],
  "errorTrace": "org.openqa.selenium.TimeoutException: Timed out after 30 seconds waiting for presence of element located by: By.cssSelector: .step1-overview>h2\nBuild info: version: '2.53.0', revision: '35ae25b1534ae328c771e0856c93e187490ca824', time: '2016-03-15 10:43:46'\nSystem info: host: 'ICPL11465', ip: '10.11.31.46', os.name: 'Windows 8', os.arch: 'amd64', os.version: '6.2', java.version: '1.8.0_121'\nDriver info: driver.version: QAFExtendedWebDriver\r\n\tat .Then user verifies signup page(scenarios/web/signup.bdd:8)\r\n\tat org.openqa.selenium.support.ui.FluentWait.timeoutException(FluentWait.java:292)\r\n\tat org.openqa.selenium.support.ui.FluentWait.until(FluentWait.java:261)\r\n\tat com.qmetry.qaf.automation.ui.webdriver.QAFExtendedWebDriver.load(QAFExtendedWebDriver.java:214)\r\n\tat com.qmetry.qaf.automation.ui.webdriver.QAFExtendedWebElement.load(QAFExtendedWebElement.java:284)\r\n\tat com.qmetry.qaf.automation.ui.webdriver.QAFExtendedWebElement.execute(QAFExtendedWebElement.java:239)\r\n\tat org.openqa.selenium.remote.RemoteWebElement.getText(RemoteWebElement.java:179)\r\n\tat com.singlecare.web.pages.SignupTestPage.verifyElementsOnSignupPage(SignupTestPage.java:146)\r\n\tat com.singlecare.web.steps.SignupStepDefs.userVerifySignupPage(SignupStepDefs.java:17)\r\n\tat com.qmetry.qaf.automation.step.JavaStep.doExecute(JavaStep.java:156)\r\n\tat com.qmetry.qaf.automation.step.BaseTestStep.execute(BaseTestStep.java:149)\r\n\tat com.qmetry.qaf.automation.step.StringTestStep.execute(StringTestStep.java:134)\r\n\tat com.qmetry.qaf.automation.step.client.Scenario.execute(Scenario.java:167)\r\n\tat com.qmetry.qaf.automation.step.client.Scenario.scenario(Scenario.java:219)\r\nCaused by: org.openqa.selenium.NoSuchElementException: no such element: Unable to locate element: {\"method\":\"css selector\",\"selector\":\".step1-overview>h2\"}\n  (Session info: chrome=59.0.3071.115)\n  (Driver info: chromedriver=2.28.455520 (cc17746adff54984afff480136733114c6b3704b),platform=Windows NT 6.2.9200 x86_64) (WARNING: The server did not provide any stacktrace information)\nCommand duration or timeout: 16 milliseconds\nFor documentation on this error, please visit: http://seleniumhq.org/exceptions/no_such_element.html\nBuild info: version: '2.53.0', revision: '35ae25b1534ae328c771e0856c93e187490ca824', time: '2016-03-15 10:43:46'\nSystem info: host: 'ICPL11465', ip: '10.11.31.46', os.name: 'Windows 8', os.arch: 'amd64', os.version: '6.2', java.version: '1.8.0_121'\nDriver info: com.qmetry.qaf.automation.ui.webdriver.QAFExtendedWebDriver\nCapabilities [{applicationCacheEnabled=false, rotatable=false, mobileEmulationEnabled=false, networkConnectionEnabled=false, chrome={chromedriverVersion=2.28.455520 (cc17746adff54984afff480136733114c6b3704b), userDataDir=C:\\Users\\SATISH~1.GAR\\AppData\\Local\\Temp\\scoped_dir2324_8020}, takesHeapSnapshot=true, pageLoadStrategy=normal, databaseEnabled=false, handlesAlerts=true, hasTouchScreen=false, version=59.0.3071.115, platform=WIN8, browserConnectionEnabled=false, nativeEvents=true, acceptSslCerts=true, locationContextEnabled=true, webStorageEnabled=true, browserName=chrome, takesScreenshot=true, javascriptEnabled=true, cssSelectorsEnabled=true, unexpectedAlertBehaviour=}]\nSession ID: d3388aac672ef7e5648fbbaf8403734c\n*** Element info: {Using=css selector, value=.step1-overview>h2}\r\n\tat sun.reflect.GeneratedConstructorAccessor16.newInstance(Unknown Source)\r\n\tat sun.reflect.DelegatingConstructorAccessorImpl.newInstance(Unknown Source)\r\n\tat java.lang.reflect.Constructor.newInstance(Unknown Source)\r\n\tat org.openqa.selenium.remote.ErrorHandler.createThrowable(ErrorHandler.java:206)\r\n\tat org.openqa.selenium.remote.ErrorHandler.throwIfResponseFailed(ErrorHandler.java:158)\r\n\tat org.openqa.selenium.remote.RemoteWebDriver.execute(RemoteWebDriver.java:678)\r\n\tat com.qmetry.qaf.automation.ui.webdriver.QAFExtendedWebDriver.execute(QAFExtendedWebDriver.java:234)\r\n\tat org.openqa.selenium.remote.RemoteWebDriver.findElement(RemoteWebDriver.java:363)\r\n\tat org.openqa.selenium.remote.RemoteWebDriver.findElementByCssSelector(RemoteWebDriver.java:492)\r\n\tat com.qmetry.qaf.automation.ui.webdriver.QAFExtendedWebDriver.findElementByCssSelector(QAFExtendedWebDriver.java:368)\r\n\tat com.qmetry.qaf.automation.ui.webdriver.QAFExtendedWebDriver.findElementByCssSelector(QAFExtendedWebDriver.java:1)\r\n\tat org.openqa.selenium.By$ByCssSelector.findElement(By.java:430)\r\n\tat org.openqa.selenium.remote.RemoteWebDriver.findElement(RemoteWebDriver.java:355)\r\n\tat com.qmetry.qaf.automation.ui.webdriver.QAFExtendedWebDriver.findElement(QAFExtendedWebDriver.java:169)\r\n\tat com.qmetry.qaf.automation.ui.webdriver.QAFExtendedWebDriver.findElement(QAFExtendedWebDriver.java:1)\r\n\tat org.openqa.selenium.support.ui.ExpectedConditions.findElement(ExpectedConditions.java:899)\r\n\tat org.openqa.selenium.support.ui.ExpectedConditions.access$000(ExpectedConditions.java:41)\r\n\tat org.openqa.selenium.support.ui.ExpectedConditions$6.apply(ExpectedConditions.java:181)\r\n\tat org.openqa.selenium.support.ui.ExpectedConditions$6.apply(ExpectedConditions.java:178)\r\n\tat org.openqa.selenium.support.ui.FluentWait.until(FluentWait.java:238)\r\n\tat com.qmetry.qaf.automation.ui.webdriver.QAFExtendedWebDriver.load(QAFExtendedWebDriver.java:214)\r\n\tat com.qmetry.qaf.automation.ui.webdriver.QAFExtendedWebElement.load(QAFExtendedWebElement.java:284)\r\n\tat com.qmetry.qaf.automation.ui.webdriver.QAFExtendedWebElement.execute(QAFExtendedWebElement.java:239)\r\n\tat org.openqa.selenium.remote.RemoteWebElement.getText(RemoteWebElement.java:179)\r\n\tat com.singlecare.web.pages.SignupTestPage.verifyElementsOnSignupPage(SignupTestPage.java:146)\r\n\tat com.singlecare.web.steps.SignupStepDefs.userVerifySignupPage(SignupStepDefs.java:17)\r\n\tat sun.reflect.NativeMethodAccessorImpl.invoke0(Native Method)\r\n\tat sun.reflect.NativeMethodAccessorImpl.invoke(Unknown Source)\r\n\tat sun.reflect.DelegatingMethodAccessorImpl.invoke(Unknown Source)\r\n\tat java.lang.reflect.Method.invoke(Unknown Source)\r\n\tat com.qmetry.qaf.automation.step.JavaStep.doExecute(JavaStep.java:156)\r\n\tat com.qmetry.qaf.automation.step.BaseTestStep.execute(BaseTestStep.java:149)\r\n\tat com.qmetry.qaf.automation.step.StringTestStep.execute(StringTestStep.java:134)\r\n\tat com.qmetry.qaf.automation.step.client.Scenario.execute(Scenario.java:167)\r\n\tat com.qmetry.qaf.automation.step.client.Scenario.scenario(Scenario.java:219)\r\n\tat sun.reflect.NativeMethodAccessorImpl.invoke0(Native Method)\r\n\tat sun.reflect.NativeMethodAccessorImpl.invoke(Unknown Source)\r\n\tat sun.reflect.DelegatingMethodAccessorImpl.invoke(Unknown Source)\r\n\tat java.lang.reflect.Method.invoke(Unknown Source)\r\n\tat org.testng.internal.MethodInvocationHelper.invokeMethod(MethodInvocationHelper.java:104)\r\n\tat org.testng.internal.Invoker.invokeMethod(Invoker.java:645)\r\n\tat org.testng.internal.Invoker.invokeTestMethod(Invoker.java:851)\r\n\tat org.testng.internal.Invoker.invokeTestMethods(Invoker.java:1177)\r\n\tat org.testng.internal.TestMethodWorker.invokeTestMethods(TestMethodWorker.java:129)\r\n\tat org.testng.internal.TestMethodWorker.run(TestMethodWorker.java:112)\r\n\tat org.testng.TestRunner.privateRun(TestRunner.java:781)\r\n\tat org.testng.TestRunner.run(TestRunner.java:635)\r\n\tat org.testng.SuiteRunner.runTest(SuiteRunner.java:387)\r\n\tat org.testng.SuiteRunner.runSequentially(SuiteRunner.java:382)\r\n\tat org.testng.SuiteRunner.privateRun(SuiteRunner.java:340)\r\n\tat org.testng.SuiteRunner.run(SuiteRunner.java:289)\r\n\tat org.testng.SuiteRunnerWorker.runSuite(SuiteRunnerWorker.java:52)\r\n\tat org.testng.SuiteRunnerWorker.run(SuiteRunnerWorker.java:86)\r\n\tat org.testng.TestNG.runSuitesSequentially(TestNG.java:1293)\r\n\tat org.testng.TestNG.runSuitesLocally(TestNG.java:1218)\r\n\tat org.testng.TestNG.runSuites(TestNG.java:1133)\r\n\tat org.testng.TestNG.run(TestNG.java:1104)\r\n\tat org.testng.remote.AbstractRemoteTestNG.run(AbstractRemoteTestNG.java:132)\r\n\tat org.testng.remote.RemoteTestNG.initAndRun(RemoteTestNG.java:230)\r\n\tat org.testng.remote.RemoteTestNG.main(RemoteTestNG.java:76)\r\n"
}